<?xml version="1.0" encoding="UTF-8"?>
<beans xmlns="http://www.springframework.org/schema/beans"
  xmlns:xsi="http://www.w3.org/2001/XMLSchema-instance" xmlns:mvc="http://www.springframework.org/schema/mvc"
  xmlns:context="http://www.springframework.org/schema/context" xmlns:tx="http://www.springframework.org/schema/tx"
  xsi:schemaLocation="http://www.springframework.org/schema/beans http://www.springframework.org/schema/beans/spring-beans-3.2.xsd
    http://www.springframework.org/schema/mvc http://www.springframework.org/schema/mvc/spring-mvc-3.2.xsd
    http://www.springframework.org/schema/context http://www.springframework.org/schema/context/spring-context-3.2.xsd
    http://www.springframework.org/schema/tx http://www.springframework.org/schema/tx/spring-tx.xsd"
  default-autowire="byName">

  <tx:annotation-driven />
  <mvc:annotation-driven />
  <context:component-scan base-package="org.socialhistoryservices" />
  <context:annotation-config />

      <bean id="validator"
    class="org.springframework.validation.beanvalidation.LocalValidatorFactoryBean" />

  <!-- General config parameters of the application -->
  <import resource="classpath:config.xml" />

  <!-- General config parameters of the application -->
  <import resource="classpath:mail.xml" />

  <!-- Database configuration -->
  <import resource="classpath:test-db.xml" />

  <!-- Template configuration -->
  <import resource="classpath:templates.xml" />

  <!-- Localization configuration -->
  <import resource="classpath:localization.xml" />

  <!-- Spring Security configuration -->
  <import resource="classpath:security.xml" />

  <mvc:interceptors>
   <bean class="org.socialhistoryservices.delivery.RequestContextToViewInterceptor" />
    <bean class="org.socialhistoryservices.delivery.user.controller.SecurityToViewInterceptor" />
    <bean class="org.springframework.web.servlet.i18n.LocaleChangeInterceptor" />
  </mvc:interceptors>

  <bean id="myMockLookupService" class="org.socialhistoryservices.delivery.api.MockRecordLookupService">
  </bean>

</beans>
