<?xml version="1.0" encoding="UTF-8"?>
<!--

    Copyright (C) 2013 International Institute of Social History

    Licensed under the Apache License, Version 2.0 (the "License");
    you may not use this file except in compliance with the License.
    You may obtain a copy of the License at

        http://www.apache.org/licenses/LICENSE-2.0

    Unless required by applicable law or agreed to in writing, software
    distributed under the License is distributed on an "AS IS" BASIS,
    WITHOUT WARRANTIES OR CONDITIONS OF ANY KIND, either express or implied.
    See the License for the specific language governing permissions and
    limitations under the License.

-->

<beans xmlns="http://www.springframework.org/schema/beans"
  xmlns:xsi="http://www.w3.org/2001/XMLSchema-instance" xmlns:mvc="http://www.springframework.org/schema/mvc"
  xmlns:context="http://www.springframework.org/schema/context" xmlns:tx="http://www.springframework.org/schema/tx"
  xsi:schemaLocation="http://www.springframework.org/schema/beans http://www.springframework.org/schema/beans/spring-beans-3.0.xsd
    http://www.springframework.org/schema/mvc http://www.springframework.org/schema/mvc/spring-mvc-3.0.xsd  
    http://www.springframework.org/schema/context http://www.springframework.org/schema/context/spring-context-3.0.xsd
    http://www.springframework.org/schema/tx http://www.springframework.org/schema/tx/spring-tx.xsd"
  default-autowire="byName">

  <tx:annotation-driven />
  <mvc:annotation-driven />
  <context:component-scan base-package="org.socialhistoryservices" />
  <context:annotation-config />

      <bean id="validator"
    class="org.springframework.validation.beanvalidation.LocalValidatorFactoryBean" />

  <!-- General config parameters of the application -->
  <import resource="config.xml" />

  <!-- General config parameters of the application -->
  <import resource="mail.xml" />

  <!-- Database configuration -->
  <import resource="test-db.xml" />

  <!-- Template configuration -->
  <import resource="templates.xml" />

  <!-- Localization configuration -->
  <import resource="localization.xml" />

  <!-- Spring Security configuration -->
  <import resource="security.xml" />

  <mvc:interceptors>
   <bean class="org.socialhistoryservices.delivery.RequestContextToViewInterceptor" />
    <bean class="org.socialhistoryservices.delivery.user.controller.SecurityToViewInterceptor" />
    <bean class="org.springframework.web.servlet.i18n.LocaleChangeInterceptor" />
  </mvc:interceptors>

  <bean id="myMockLookupService" class="org.socialhistoryservices.delivery.MockRecordLookupService">
  </bean>

</beans>
